<html>
<body>
<pre>
<h1>µVision Build Log</h1>
<h2>Project:</h2>
C:\Users\HP\Desktop\UET\MPS\MPS lab\MPS_project\Robot\Robot.uvproj
Project File Date:  12/21/2025

<h2>Output:</h2>
Build target 'Target 1'
assembling startup_TM4C123.s...
compiling Robot.c...
Robot.c(117): error:  #268: declaration may not appear after executable statement in block
Robot.c(222): error:  #268: declaration may not appear after executable statement in block
Robot.c(301): warning:  #1-D: last line of file ends without a newline
".\Robot.axf" - 2 Errors, 1 Warning(s).
Target not created
Build target 'Target 1'
compiling Robot.c...
Robot.c(117): error:  #268: declaration may not appear after executable statement in block
Robot.c(222): error:  #268: declaration may not appear after executable statement in block
".\Robot.axf" - 2 Errors, 0 Warning(s).
Target not created
Build target 'Target 1'
compiling Robot.c...
Robot.c(297): warning:  #1-D: last line of file ends without a newline
linking...
.\Robot.axf: Error: L6218E: Undefined symbol SystemInit (referred from startup_tm4c123.o).
".\Robot.axf" - 1 Errors, 1 Warning(s).
Target not created
Build target 'Target 1'
compiling Robot.c...
linking...
Program Size: Code=1508 RO-data=652 RW-data=12 ZI-data=612  
".\Robot.axf" - 0 Errors, 0 Warning(s).
